<?xml version="1.0" encoding="UTF-8"?>
<testsuite xmlns:xsi="http://www.w3.org/2001/XMLSchema-instance" xsi:noNamespaceSchemaLocation="https://maven.apache.org/surefire/maven-surefire-plugin/xsd/surefire-test-report-3.0.xsd" version="3.0" name="academy.tochkavhoda.introduction.TestZeroSteps2" time="0.762" tests="15" errors="0" skipped="0" failures="0">
  <properties>
[...]
</properties>
  <testcase name="testCalculateE" classname="academy.tochkavhoda.introduction.TestZeroSteps2" time="0.0"/>
  <testcase name="testCalculatePi" classname="academy.tochkavhoda.introduction.TestZeroSteps2" time="0.521"/>
  <testcase name="testSumInverses" classname="academy.tochkavhoda.introduction.TestZeroSteps2" time="0.0"/>
  <testcase name="testFactorial" classname="academy.tochkavhoda.introduction.TestZeroSteps2" time="0.0"/>
  <testcase name="testFibonacci" classname="academy.tochkavhoda.introduction.TestZeroSteps2" time="0.0"/>
  <testcase name="testProdDigits" classname="academy.tochkavhoda.introduction.TestZeroSteps2" time="0.0"/>
  <testcase name="testTripleProd" classname="academy.tochkavhoda.introduction.TestZeroSteps2" time="0.0"/>
  <testcase name="testSumSquaresWithBarrier" classname="academy.tochkavhoda.introduction.TestZeroSteps2" time="0.0"/>
  <testcase name="testSumInversePairProd" classname="academy.tochkavhoda.introduction.TestZeroSteps2" time="0.0"/>
  <testcase name="testPairProdWithBarrier1" classname="academy.tochkavhoda.introduction.TestZeroSteps2" time="0.001"/>
  <testcase name="testPairProd" classname="academy.tochkavhoda.introduction.TestZeroSteps2" time="0.0"/>
  <testcase name="testCalculateCircleSquare" classname="academy.tochkavhoda.introduction.TestZeroSteps2" time="0.234"/>
  <testcase name="testSum2Powers" classname="academy.tochkavhoda.introduction.TestZeroSteps2" time="0.001"/>
  <testcase name="testSumOdds" classname="academy.tochkavhoda.introduction.TestZeroSteps2" time="0.0"/>
  <testcase name="testSumSquares" classname="academy.tochkavhoda.introduction.TestZeroSteps2" time="0.001"/>
</testsuite>